# JRE version: OpenJDK Runtime Environment Temurin-17.0.5+8 (17.0.5+8) (build 17.0.5+8)
# Java VM: OpenJDK 64-Bit Server VM Temurin-17.0.5+8 (17.0.5+8, mixed mode, sharing, tiered, compressed oops, compressed class ptrs, g1 gc, windows-amd64)
GC Precious Log:
 CPUs: 12 total, 12 available
 Memory: 15775M
 Large Page Support: Disabled
 NUMA Support: Disabled
 Compressed Oops: Enabled (Zero based)
 Heap Region Size: 2M
 Heap Min Capacity: 8M
 Heap Initial Capacity: 248M
 Heap Max Capacity: 3944M
 Pre-touch: Disabled
 Parallel Workers: 10
 Concurrent Workers: 3
 Concurrent Refinement Workers: 10
 Periodic GC: Disabled
Heap:
 garbage-first heap   total 69632K, used 37058K [0x0000000709800000, 0x0000000800000000)
  region size 2048K, 10 young (20480K), 1 survivors (2048K)
 Metaspace       used 44263K, committed 44800K, reserved 1089536K
  class space    used 5898K, committed 6144K, reserved 1048576K
GC Heap History (16 events):
Event: 0.929 GC heap before
{Heap before GC invocations=0 (full 0):
 garbage-first heap   total 253952K, used 22528K [0x0000000709800000, 0x0000000800000000)
  region size 2048K, 11 young (22528K), 0 survivors (0K)
 Metaspace       used 6183K, committed 6336K, reserved 1056768K
  class space    used 741K, committed 832K, reserved 1048576K
}
Event: 0.940 GC heap after
{Heap after GC invocations=1 (full 0):
 garbage-first heap   total 253952K, used 5380K [0x0000000709800000, 0x0000000800000000)
  region size 2048K, 2 young (4096K), 2 survivors (4096K)
 Metaspace       used 6183K, committed 6336K, reserved 1056768K
  class space    used 741K, committed 832K, reserved 1048576K
}
Event: 1.529 GC heap before
{Heap before GC invocations=1 (full 0):
 garbage-first heap   total 253952K, used 34052K [0x0000000709800000, 0x0000000800000000)
  region size 2048K, 16 young (32768K), 2 survivors (4096K)
 Metaspace       used 13105K, committed 13440K, reserved 1064960K
  class space    used 1628K, committed 1792K, reserved 1048576K
}
Event: 1.540 GC heap after
{Heap after GC invocations=2 (full 0):
 garbage-first heap   total 253952K, used 8081K [0x0000000709800000, 0x0000000800000000)
  region size 2048K, 2 young (4096K), 2 survivors (4096K)
 Metaspace       used 13105K, committed 13440K, reserved 1064960K
  class space    used 1628K, committed 1792K, reserved 1048576K
}
Event: 2.780 GC heap before
{Heap before GC invocations=2 (full 0):
 garbage-first heap   total 253952K, used 59281K [0x0000000709800000, 0x0000000800000000)
  region size 2048K, 28 young (57344K), 2 survivors (4096K)
 Metaspace       used 21238K, committed 21504K, reserved 1073152K
  class space    used 2676K, committed 2816K, reserved 1048576K
}
Event: 2.788 GC heap after
{Heap after GC invocations=3 (full 0):
 garbage-first heap   total 253952K, used 11924K [0x0000000709800000, 0x0000000800000000)
  region size 2048K, 4 young (8192K), 4 survivors (8192K)
 Metaspace       used 21238K, committed 21504K, reserved 1073152K
  class space    used 2676K, committed 2816K, reserved 1048576K
}
Event: 3.577 GC heap before
{Heap before GC invocations=4 (full 0):
 garbage-first heap   total 55296K, used 36500K [0x0000000709800000, 0x0000000800000000)
  region size 2048K, 16 young (32768K), 4 survivors (8192K)
 Metaspace       used 26513K, committed 26880K, reserved 1073152K
  class space    used 3388K, committed 3520K, reserved 1048576K
}
Event: 3.591 GC heap after
{Heap after GC invocations=5 (full 0):
 garbage-first heap   total 55296K, used 14236K [0x0000000709800000, 0x0000000800000000)
  region size 2048K, 2 young (4096K), 2 survivors (4096K)
 Metaspace       used 26513K, committed 26880K, reserved 1073152K
  class space    used 3388K, committed 3520K, reserved 1048576K
}
Event: 3.667 GC heap before
{Heap before GC invocations=5 (full 0):
 garbage-first heap   total 55296K, used 14236K [0x0000000709800000, 0x0000000800000000)
  region size 2048K, 3 young (6144K), 2 survivors (4096K)
 Metaspace       used 27060K, committed 27520K, reserved 1073152K
  class space    used 3448K, committed 3648K, reserved 1048576K
}
Event: 3.679 GC heap after
{Heap after GC invocations=6 (full 0):
 garbage-first heap   total 155648K, used 14864K [0x0000000709800000, 0x0000000800000000)
  region size 2048K, 1 young (2048K), 1 survivors (2048K)
 Metaspace       used 27060K, committed 27520K, reserved 1073152K
  class space    used 3448K, committed 3648K, reserved 1048576K
}
Event: 4.815 GC heap before
{Heap before GC invocations=6 (full 0):
 garbage-first heap   total 155648K, used 55824K [0x0000000709800000, 0x0000000800000000)
  region size 2048K, 22 young (45056K), 1 survivors (2048K)
 Metaspace       used 35588K, committed 35968K, reserved 1081344K
  class space    used 4728K, committed 4928K, reserved 1048576K
}
Event: 4.822 GC heap after
{Heap after GC invocations=7 (full 0):
 garbage-first heap   total 155648K, used 17935K [0x0000000709800000, 0x0000000800000000)
  region size 2048K, 2 young (4096K), 2 survivors (4096K)
 Metaspace       used 35588K, committed 35968K, reserved 1081344K
  class space    used 4728K, committed 4928K, reserved 1048576K
}
Event: 7.273 GC heap before
{Heap before GC invocations=8 (full 0):
 garbage-first heap   total 69632K, used 54799K [0x0000000709800000, 0x0000000800000000)
  region size 2048K, 20 young (40960K), 2 survivors (4096K)
 Metaspace       used 41663K, committed 42176K, reserved 1089536K
  class space    used 5588K, committed 5824K, reserved 1048576K
}
Event: 7.284 GC heap after
{Heap after GC invocations=9 (full 0):
 garbage-first heap   total 69632K, used 21105K [0x0000000709800000, 0x0000000800000000)
  region size 2048K, 2 young (4096K), 2 survivors (4096K)
 Metaspace       used 41663K, committed 42176K, reserved 1089536K
  class space    used 5588K, committed 5824K, reserved 1048576K
}
Event: 7.364 GC heap before
{Heap before GC invocations=9 (full 0):
 garbage-first heap   total 69632K, used 21105K [0x0000000709800000, 0x0000000800000000)
  region size 2048K, 3 young (6144K), 2 survivors (4096K)
 Metaspace       used 42195K, committed 42688K, reserved 1089536K
  class space    used 5659K, committed 5888K, reserved 1048576K
}
Event: 7.373 GC heap after
{Heap after GC invocations=10 (full 0):
 garbage-first heap   total 69632K, used 20674K [0x0000000709800000, 0x0000000800000000)
  region size 2048K, 1 young (2048K), 1 survivors (2048K)
 Metaspace       used 42195K, committed 42688K, reserved 1089536K
  class space    used 5659K, committed 5888K, reserved 1048576K
}

