# JRE version: OpenJDK Runtime Environment Temurin-17.0.5+8 (17.0.5+8) (build 17.0.5+8)
# Java VM: OpenJDK 64-Bit Server VM Temurin-17.0.5+8 (17.0.5+8, mixed mode, sharing, tiered, compressed oops, compressed class ptrs, g1 gc, windows-amd64)
GC Precious Log:
 CPUs: 12 total, 12 available
 Memory: 15775M
 Large Page Support: Disabled
 NUMA Support: Disabled
 Compressed Oops: Enabled (Zero based)
 Heap Region Size: 2M
 Heap Min Capacity: 8M
 Heap Initial Capacity: 248M
 Heap Max Capacity: 3944M
 Pre-touch: Disabled
 Parallel Workers: 10
 Concurrent Workers: 3
 Concurrent Refinement Workers: 10
 Periodic GC: Disabled
Heap:
 garbage-first heap   total 692224K, used 291717K [0x0000000709800000, 0x0000000800000000)
  region size 2048K, 1 young (2048K), 1 survivors (2048K)
 Metaspace       used 50541K, committed 51008K, reserved 1097728K
  class space    used 6714K, committed 6976K, reserved 1048576K
GC Heap History (20 events):
Event: 4.773 GC heap before
{Heap before GC invocations=7 (full 0):
 garbage-first heap   total 155648K, used 34640K [0x0000000709800000, 0x0000000800000000)
  region size 2048K, 11 young (22528K), 1 survivors (2048K)
 Metaspace       used 35690K, committed 36096K, reserved 1081344K
  class space    used 4717K, committed 4928K, reserved 1048576K
}
Event: 4.777 GC heap after
{Heap after GC invocations=8 (full 0):
 garbage-first heap   total 155648K, used 17939K [0x0000000709800000, 0x0000000800000000)
  region size 2048K, 2 young (4096K), 2 survivors (4096K)
 Metaspace       used 35690K, committed 36096K, reserved 1081344K
  class space    used 4717K, committed 4928K, reserved 1048576K
}
Event: 5.889 GC heap before
{Heap before GC invocations=9 (full 0):
 garbage-first heap   total 69632K, used 56851K [0x0000000709800000, 0x0000000800000000)
  region size 2048K, 22 young (45056K), 2 survivors (4096K)
 Metaspace       used 44734K, committed 45184K, reserved 1089536K
  class space    used 5907K, committed 6144K, reserved 1048576K
}
Event: 5.898 GC heap after
{Heap after GC invocations=10 (full 0):
 garbage-first heap   total 71680K, used 24591K [0x0000000709800000, 0x0000000800000000)
  region size 2048K, 6 young (12288K), 6 survivors (12288K)
 Metaspace       used 44734K, committed 45184K, reserved 1089536K
  class space    used 5907K, committed 6144K, reserved 1048576K
}
Event: 10.347 GC heap before
{Heap before GC invocations=10 (full 0):
 garbage-first heap   total 71680K, used 49167K [0x0000000709800000, 0x0000000800000000)
  region size 2048K, 18 young (36864K), 6 survivors (12288K)
 Metaspace       used 48968K, committed 49536K, reserved 1097728K
  class space    used 6492K, committed 6784K, reserved 1048576K
}
Event: 10.360 GC heap after
{Heap after GC invocations=11 (full 0):
 garbage-first heap   total 71680K, used 27287K [0x0000000709800000, 0x0000000800000000)
  region size 2048K, 2 young (4096K), 2 survivors (4096K)
 Metaspace       used 48968K, committed 49536K, reserved 1097728K
  class space    used 6492K, committed 6784K, reserved 1048576K
}
Event: 19.302 GC heap before
{Heap before GC invocations=11 (full 0):
 garbage-first heap   total 71680K, used 41623K [0x0000000709800000, 0x0000000800000000)
  region size 2048K, 8 young (16384K), 2 survivors (4096K)
 Metaspace       used 50529K, committed 51008K, reserved 1097728K
  class space    used 6714K, committed 6976K, reserved 1048576K
}
Event: 19.306 GC heap after
{Heap after GC invocations=12 (full 0):
 garbage-first heap   total 71680K, used 31983K [0x0000000709800000, 0x0000000800000000)
  region size 2048K, 1 young (2048K), 1 survivors (2048K)
 Metaspace       used 50529K, committed 51008K, reserved 1097728K
  class space    used 6714K, committed 6976K, reserved 1048576K
}
Event: 19.349 GC heap before
{Heap before GC invocations=12 (full 0):
 garbage-first heap   total 71680K, used 48367K [0x0000000709800000, 0x0000000800000000)
  region size 2048K, 2 young (4096K), 1 survivors (2048K)
 Metaspace       used 50530K, committed 51008K, reserved 1097728K
  class space    used 6714K, committed 6976K, reserved 1048576K
}
Event: 19.351 GC heap after
{Heap after GC invocations=13 (full 0):
 garbage-first heap   total 71680K, used 37815K [0x0000000709800000, 0x0000000800000000)
  region size 2048K, 1 young (2048K), 1 survivors (2048K)
 Metaspace       used 50530K, committed 51008K, reserved 1097728K
  class space    used 6714K, committed 6976K, reserved 1048576K
}
Event: 19.399 GC heap before
{Heap before GC invocations=14 (full 0):
 garbage-first heap   total 100352K, used 56247K [0x0000000709800000, 0x0000000800000000)
  region size 2048K, 1 young (2048K), 1 survivors (2048K)
 Metaspace       used 50531K, committed 51008K, reserved 1097728K
  class space    used 6714K, committed 6976K, reserved 1048576K
}
Event: 19.400 GC heap after
{Heap after GC invocations=15 (full 0):
 garbage-first heap   total 100352K, used 45953K [0x0000000709800000, 0x0000000800000000)
  region size 2048K, 1 young (2048K), 1 survivors (2048K)
 Metaspace       used 50531K, committed 51008K, reserved 1097728K
  class space    used 6714K, committed 6976K, reserved 1048576K
}
Event: 19.486 GC heap before
{Heap before GC invocations=16 (full 0):
 garbage-first heap   total 143360K, used 80769K [0x0000000709800000, 0x0000000800000000)
  region size 2048K, 2 young (4096K), 1 survivors (2048K)
 Metaspace       used 50537K, committed 51008K, reserved 1097728K
  class space    used 6714K, committed 6976K, reserved 1048576K
}
Event: 19.488 GC heap after
{Heap after GC invocations=17 (full 0):
 garbage-first heap   total 143360K, used 62339K [0x0000000709800000, 0x0000000800000000)
  region size 2048K, 1 young (2048K), 1 survivors (2048K)
 Metaspace       used 50537K, committed 51008K, reserved 1097728K
  class space    used 6714K, committed 6976K, reserved 1048576K
}
Event: 19.650 GC heap before
{Heap before GC invocations=17 (full 0):
 garbage-first heap   total 210944K, used 129923K [0x0000000709800000, 0x0000000800000000)
  region size 2048K, 2 young (4096K), 1 survivors (2048K)
 Metaspace       used 50541K, committed 51008K, reserved 1097728K
  class space    used 6714K, committed 6976K, reserved 1048576K
}
Event: 19.652 GC heap after
{Heap after GC invocations=18 (full 0):
 garbage-first heap   total 210944K, used 95081K [0x0000000709800000, 0x0000000800000000)
  region size 2048K, 1 young (2048K), 1 survivors (2048K)
 Metaspace       used 50541K, committed 51008K, reserved 1097728K
  class space    used 6714K, committed 6976K, reserved 1048576K
}
Event: 19.989 GC heap before
{Heap before GC invocations=19 (full 0):
 garbage-first heap   total 387072K, used 228201K [0x0000000709800000, 0x0000000800000000)
  region size 2048K, 1 young (2048K), 1 survivors (2048K)
 Metaspace       used 50541K, committed 51008K, reserved 1097728K
  class space    used 6714K, committed 6976K, reserved 1048576K
}
Event: 19.991 GC heap after
{Heap after GC invocations=20 (full 0):
 garbage-first heap   total 387072K, used 160624K [0x0000000709800000, 0x0000000800000000)
  region size 2048K, 1 young (2048K), 1 survivors (2048K)
 Metaspace       used 50541K, committed 51008K, reserved 1097728K
  class space    used 6714K, committed 6976K, reserved 1048576K
}
Event: 20.633 GC heap before
{Heap before GC invocations=20 (full 0):
 garbage-first heap   total 651264K, used 424816K [0x0000000709800000, 0x0000000800000000)
  region size 2048K, 2 young (4096K), 1 survivors (2048K)
 Metaspace       used 50541K, committed 51008K, reserved 1097728K
  class space    used 6714K, committed 6976K, reserved 1048576K
}
Event: 20.635 GC heap after
{Heap after GC invocations=21 (full 0):
 garbage-first heap   total 651264K, used 291717K [0x0000000709800000, 0x0000000800000000)
  region size 2048K, 1 young (2048K), 1 survivors (2048K)
 Metaspace       used 50541K, committed 51008K, reserved 1097728K
  class space    used 6714K, committed 6976K, reserved 1048576K
}

